<?xml version="1.0" encoding="UTF-8"?>
<!-- Generated by org.testng.reporters.JUnitReportReporter -->
<testsuite skipped="0" hostname="DESKTOP-LVSINNE" name="Demo" tests="2" failures="0" timestamp="2022-02-20T16:39:27 IST" time="3.637" errors="0">
  <testcase name="Test02" time="3.633" classname="Demo"/>
  <testcase name="Test01" time="0.004" classname="Demo"/>
</testsuite> <!-- Demo -->
